#
# There is insufficient memory for the Java Runtime Environment to continue.
# Native memory allocation (malloc) failed to allocate 1995152 bytes. Error detail: Chunk::new
# Possible reasons:
#   The system is out of physical RAM or swap space
#   This process is running with CompressedOops enabled, and the Java Heap may be blocking the growth of the native heap
# Possible solutions:
#   Reduce memory load on the system
#   Increase physical memory or swap space
#   Check if swap backing store is full
#   Decrease Java heap size (-Xmx/-Xms)
#   Decrease number of Java threads
#   Decrease Java thread stack sizes (-Xss)
#   Set larger code cache with -XX:ReservedCodeCacheSize=
#   JVM is running with Unscaled Compressed Oops mode in which the Java heap is
#     placed in the first 4GB address space. The Java Heap base address is the
#     maximum limit for the native heap growth. Please use -XX:HeapBaseMinAddress
#     to set the Java Heap base and to place the Java Heap above 4GB virtual address.
# This output file may be truncated or incomplete.
#
#  Out of Memory Error (arena.cpp:191), pid=2368, tid=5604
#
# JRE version: OpenJDK Runtime Environment (17.0.11) (build 17.0.11+0--11852314)
# Java VM: OpenJDK 64-Bit Server VM (17.0.11+0--11852314, mixed mode, tiered, compressed oops, compressed class ptrs, g1 gc, windows-amd64)
# No core dump will be written. Minidumps are not enabled by default on client versions of Windows
#

---------------  S U M M A R Y ------------

Command Line: --add-opens=java.base/java.util=ALL-UNNAMED --add-opens=java.base/java.lang=ALL-UNNAMED --add-opens=java.base/java.lang.invoke=ALL-UNNAMED --add-opens=java.prefs/java.util.prefs=ALL-UNNAMED --add-opens=java.base/java.nio.charset=ALL-UNNAMED --add-opens=java.base/java.net=ALL-UNNAMED --add-opens=java.base/java.util.concurrent.atomic=ALL-UNNAMED -Xmx2048m -Dfile.encoding=UTF-8 -Duser.country=US -Duser.language=en -Duser.variant -javaagent:C:\Program Files\Android\Android Studio\wrapper\dists\gradle-8.7-bin\bhs2wmbdwecv87pi65oeuq5iu\gradle-8.7\lib\agents\gradle-instrumentation-agent-8.7.jar org.gradle.launcher.daemon.bootstrap.GradleDaemon 8.7

Host: 11th Gen Intel(R) Core(TM) i7-11800H @ 2.30GHz, 16 cores, 7G,  Windows 10 , 64 bit Build 19041 (10.0.19041.3155)
Time: Mon Nov 18 20:39:26 2024 SE Asia Standard Time elapsed time: 8.492813 seconds (0d 0h 0m 8s)

---------------  T H R E A D  ---------------

Current thread (0x0000023df1057e90):  JavaThread "C2 CompilerThread0" daemon [_thread_in_native, id=5604, stack(0x00000072fab00000,0x00000072fac00000)]


Current CompileTask:
C2:   8493 7967       4       org.objectweb.asm.Frame::execute (2318 bytes)

Stack: [0x00000072fab00000,0x00000072fac00000]
Native frames: (J=compiled Java code, j=interpreted, Vv=VM code, C=native code)
V  [jvm.dll+0x687bb9]
V  [jvm.dll+0x84142a]
V  [jvm.dll+0x8430ae]
V  [jvm.dll+0x843713]
V  [jvm.dll+0x24a35f]
V  [jvm.dll+0xac544]
V  [jvm.dll+0xacb8c]
V  [jvm.dll+0x369c37]
V  [jvm.dll+0x33416a]
V  [jvm.dll+0x33360a]
V  [jvm.dll+0x21bed1]
V  [jvm.dll+0x21b311]
V  [jvm.dll+0x1a63ed]
V  [jvm.dll+0x22b1ee]
V  [jvm.dll+0x229375]
V  [jvm.dll+0x7f5647]
V  [jvm.dll+0x7efa4a]
V  [jvm.dll+0x686a35]
C  [ucrtbase.dll+0x21bb2]
C  [KERNEL32.DLL+0x17614]
C  [ntdll.dll+0x526b1]


---------------  P R O C E S S  ---------------

Threads class SMR info:
_java_thread_list=0x0000023df2707190, length=66, elements={
0x0000023dd23cbc80, 0x0000023decddc010, 0x0000023decddcae0, 0x0000023df10378f0,
0x0000023df1046f00, 0x0000023df104b400, 0x0000023df104bcd0, 0x0000023df1057e90,
0x0000023df1058850, 0x0000023df1059160, 0x0000023decd64040, 0x0000023df11eece0,
0x0000023df11f1610, 0x0000023df1398710, 0x0000023df2e1f6d0, 0x0000023df3131b60,
0x0000023df321c140, 0x0000023df21ef850, 0x0000023df2f33fc0, 0x0000023df2d89cd0,
0x0000023df356b890, 0x0000023df2e4ba20, 0x0000023df3437c40, 0x0000023df3438660,
0x0000023df3435de0, 0x0000023df3436800, 0x0000023df3438b70, 0x0000023df34358d0,
0x0000023df3438150, 0x0000023df3437220, 0x0000023df3437730, 0x0000023df34353c0,
0x0000023df34362f0, 0x0000023df484a1b0, 0x0000023df4847420, 0x0000023df484a6c0,
0x0000023df4847930, 0x0000023df4848350, 0x0000023df4849ca0, 0x0000023df484b0e0,
0x0000023df4849280, 0x0000023df484d450, 0x0000023df484c010, 0x0000023df4848860,
0x0000023df484abd0, 0x0000023df4848d70, 0x0000023df484c520, 0x0000023df484ca30,
0x0000023df484d960, 0x0000023df484de70, 0x0000023df484e380, 0x0000023df4847e40,
0x0000023df484e890, 0x0000023df246eb10, 0x0000023df246d1c0, 0x0000023df2470e80,
0x0000023df24718a0, 0x0000023df2471390, 0x0000023df246d6d0, 0x0000023df24727d0,
0x0000023df246c290, 0x0000023df246ccb0, 0x0000023df2470970, 0x0000023df2472ce0,
0x0000023df2471db0, 0x0000023df246fa40
}

Java Threads: ( => current thread )
  0x0000023dd23cbc80 JavaThread "main" [_thread_blocked, id=14816, stack(0x00000072f9e00000,0x00000072f9f00000)]
  0x0000023decddc010 JavaThread "Reference Handler" daemon [_thread_blocked, id=17136, stack(0x00000072fa500000,0x00000072fa600000)]
  0x0000023decddcae0 JavaThread "Finalizer" daemon [_thread_blocked, id=4124, stack(0x00000072fa600000,0x00000072fa700000)]
  0x0000023df10378f0 JavaThread "Signal Dispatcher" daemon [_thread_blocked, id=11772, stack(0x00000072fa700000,0x00000072fa800000)]
  0x0000023df1046f00 JavaThread "Attach Listener" daemon [_thread_blocked, id=12176, stack(0x00000072fa800000,0x00000072fa900000)]
  0x0000023df104b400 JavaThread "Service Thread" daemon [_thread_blocked, id=8872, stack(0x00000072fa900000,0x00000072faa00000)]
  0x0000023df104bcd0 JavaThread "Monitor Deflation Thread" daemon [_thread_blocked, id=10604, stack(0x00000072faa00000,0x00000072fab00000)]
=>0x0000023df1057e90 JavaThread "C2 CompilerThread0" daemon [_thread_in_native, id=5604, stack(0x00000072fab00000,0x00000072fac00000)]
  0x0000023df1058850 JavaThread "C1 CompilerThread0" daemon [_thread_blocked, id=9116, stack(0x00000072fac00000,0x00000072fad00000)]
  0x0000023df1059160 JavaThread "Sweeper thread" daemon [_thread_blocked, id=4816, stack(0x00000072fad00000,0x00000072fae00000)]
  0x0000023decd64040 JavaThread "Common-Cleaner" daemon [_thread_blocked, id=17104, stack(0x00000072fae00000,0x00000072faf00000)]
  0x0000023df11eece0 JavaThread "C1 CompilerThread1" daemon [_thread_blocked, id=14472, stack(0x00000072faf00000,0x00000072fb000000)]
  0x0000023df11f1610 JavaThread "C1 CompilerThread2" daemon [_thread_blocked, id=13608, stack(0x00000072fb000000,0x00000072fb100000)]
  0x0000023df1398710 JavaThread "Notification Thread" daemon [_thread_blocked, id=4172, stack(0x00000072fb100000,0x00000072fb200000)]
  0x0000023df2e1f6d0 JavaThread "C1 CompilerThread3" daemon [_thread_blocked, id=5704, stack(0x00000072fb800000,0x00000072fb900000)]
  0x0000023df3131b60 JavaThread "Daemon health stats" [_thread_blocked, id=14968, stack(0x00000072fb900000,0x00000072fba00000)]
  0x0000023df321c140 JavaThread "Incoming local TCP Connector on port 50746" [_thread_in_native, id=14720, stack(0x00000072fba00000,0x00000072fbb00000)]
  0x0000023df21ef850 JavaThread "Daemon periodic checks" [_thread_blocked, id=16832, stack(0x00000072fbb00000,0x00000072fbc00000)]
  0x0000023df2f33fc0 JavaThread "Daemon" [_thread_blocked, id=15196, stack(0x00000072fbc00000,0x00000072fbd00000)]
  0x0000023df2d89cd0 JavaThread "Handler for socket connection from /127.0.0.1:50746 to /127.0.0.1:50747" [_thread_in_native, id=10260, stack(0x00000072fbd00000,0x00000072fbe00000)]
  0x0000023df356b890 JavaThread "Cancel handler" [_thread_blocked, id=11908, stack(0x00000072fbe00000,0x00000072fbf00000)]
  0x0000023df2e4ba20 JavaThread "Daemon worker" [_thread_in_native, id=16408, stack(0x00000072fbf00000,0x00000072fc000000)]
  0x0000023df3437c40 JavaThread "Asynchronous log dispatcher for DefaultDaemonConnection: socket connection from /127.0.0.1:50746 to /127.0.0.1:50747" [_thread_blocked, id=4884, stack(0x00000072fc000000,0x00000072fc100000)]
  0x0000023df3438660 JavaThread "Stdin handler" [_thread_blocked, id=17336, stack(0x00000072fc100000,0x00000072fc200000)]
  0x0000023df3435de0 JavaThread "Daemon client event forwarder" [_thread_blocked, id=13448, stack(0x00000072fc200000,0x00000072fc300000)]
  0x0000023df3436800 JavaThread "Cache worker for journal cache (C:\Program Files\Android\Android Studio\caches\journal-1)" [_thread_blocked, id=10584, stack(0x00000072fcd00000,0x00000072fce00000)]
  0x0000023df3438b70 JavaThread "File lock request listener" [_thread_in_native, id=5020, stack(0x00000072fce00000,0x00000072fcf00000)]
  0x0000023df34358d0 JavaThread "Cache worker for file hash cache (C:\Program Files\Android\Android Studio\caches\8.7\fileHashes)" [_thread_blocked, id=16696, stack(0x00000072fcf00000,0x00000072fd000000)]
  0x0000023df3438150 JavaThread "Cache worker for file hash cache (D:\FlightBookingSystem\.gradle\8.7\fileHashes)" [_thread_blocked, id=16144, stack(0x00000072fd000000,0x00000072fd100000)]
  0x0000023df3437220 JavaThread "File watcher server" daemon [_thread_in_native, id=844, stack(0x00000072fd100000,0x00000072fd200000)]
  0x0000023df3437730 JavaThread "File watcher consumer" daemon [_thread_blocked, id=16600, stack(0x00000072fd200000,0x00000072fd300000)]
  0x0000023df34353c0 JavaThread "Cache worker for checksums cache (D:\FlightBookingSystem\.gradle\8.7\checksums)" [_thread_blocked, id=16056, stack(0x00000072fb700000,0x00000072fb800000)]
  0x0000023df34362f0 JavaThread "Cache worker for cache directory md-supplier (C:\Program Files\Android\Android Studio\caches\8.7\md-supplier)" [_thread_blocked, id=12836, stack(0x00000072fd300000,0x00000072fd400000)]
  0x0000023df484a1b0 JavaThread "Cache worker for cache directory md-rule (C:\Program Files\Android\Android Studio\caches\8.7\md-rule)" [_thread_blocked, id=10900, stack(0x00000072fd400000,0x00000072fd500000)]
  0x0000023df4847420 JavaThread "Cache worker for file content cache (C:\Program Files\Android\Android Studio\caches\8.7\fileContent)" [_thread_blocked, id=852, stack(0x00000072fd500000,0x00000072fd600000)]
  0x0000023df484a6c0 JavaThread "Cache worker for Build Output Cleanup Cache (D:\FlightBookingSystem\.gradle\buildOutputCleanup)" [_thread_blocked, id=1124, stack(0x00000072fd600000,0x00000072fd700000)]
  0x0000023df4847930 JavaThread "Unconstrained build operations" [_thread_blocked, id=8688, stack(0x00000072fd800000,0x00000072fd900000)]
  0x0000023df4848350 JavaThread "Unconstrained build operations Thread 2" [_thread_blocked, id=8320, stack(0x00000072fd900000,0x00000072fda00000)]
  0x0000023df4849ca0 JavaThread "Unconstrained build operations Thread 3" [_thread_blocked, id=16020, stack(0x00000072fda00000,0x00000072fdb00000)]
  0x0000023df484b0e0 JavaThread "Unconstrained build operations Thread 4" [_thread_blocked, id=17316, stack(0x00000072fdb00000,0x00000072fdc00000)]
  0x0000023df4849280 JavaThread "Unconstrained build operations Thread 5" [_thread_blocked, id=7016, stack(0x00000072fdc00000,0x00000072fdd00000)]
  0x0000023df484d450 JavaThread "Unconstrained build operations Thread 6" [_thread_blocked, id=16856, stack(0x00000072fdd00000,0x00000072fde00000)]
  0x0000023df484c010 JavaThread "Unconstrained build operations Thread 7" [_thread_blocked, id=16612, stack(0x00000072fde00000,0x00000072fdf00000)]
  0x0000023df4848860 JavaThread "Unconstrained build operations Thread 8" [_thread_blocked, id=12516, stack(0x00000072fdf00000,0x00000072fe000000)]
  0x0000023df484abd0 JavaThread "Unconstrained build operations Thread 9" [_thread_blocked, id=3980, stack(0x00000072fe000000,0x00000072fe100000)]
  0x0000023df4848d70 JavaThread "Unconstrained build operations Thread 10" [_thread_blocked, id=12336, stack(0x00000072fe100000,0x00000072fe200000)]
  0x0000023df484c520 JavaThread "Unconstrained build operations Thread 11" [_thread_blocked, id=14388, stack(0x00000072fe200000,0x00000072fe300000)]
  0x0000023df484ca30 JavaThread "Unconstrained build operations Thread 12" [_thread_blocked, id=10904, stack(0x00000072fe300000,0x00000072fe400000)]
  0x0000023df484d960 JavaThread "Unconstrained build operations Thread 13" [_thread_blocked, id=2924, stack(0x00000072fe400000,0x00000072fe500000)]
  0x0000023df484de70 JavaThread "Unconstrained build operations Thread 14" [_thread_blocked, id=7692, stack(0x00000072fe500000,0x00000072fe600000)]
  0x0000023df484e380 JavaThread "Unconstrained build operations Thread 15" [_thread_blocked, id=11896, stack(0x00000072fe600000,0x00000072fe700000)]
  0x0000023df4847e40 JavaThread "Unconstrained build operations Thread 16" [_thread_blocked, id=11328, stack(0x00000072fe700000,0x00000072fe800000)]
  0x0000023df484e890 JavaThread "Unconstrained build operations Thread 17" [_thread_blocked, id=17040, stack(0x00000072fe800000,0x00000072fe900000)]
  0x0000023df246eb10 JavaThread "Unconstrained build operations Thread 18" [_thread_blocked, id=5036, stack(0x00000072fe900000,0x00000072fea00000)]
  0x0000023df246d1c0 JavaThread "Unconstrained build operations Thread 19" [_thread_blocked, id=8424, stack(0x00000072fea00000,0x00000072feb00000)]
  0x0000023df2470e80 JavaThread "Unconstrained build operations Thread 20" [_thread_blocked, id=2044, stack(0x00000072feb00000,0x00000072fec00000)]
  0x0000023df24718a0 JavaThread "Unconstrained build operations Thread 21" [_thread_blocked, id=14692, stack(0x00000072fec00000,0x00000072fed00000)]
  0x0000023df2471390 JavaThread "Unconstrained build operations Thread 22" [_thread_blocked, id=11956, stack(0x00000072fed00000,0x00000072fee00000)]
  0x0000023df246d6d0 JavaThread "Unconstrained build operations Thread 23" [_thread_blocked, id=15916, stack(0x00000072fee00000,0x00000072fef00000)]
  0x0000023df24727d0 JavaThread "Unconstrained build operations Thread 24" [_thread_blocked, id=3700, stack(0x00000072fef00000,0x00000072ff000000)]
  0x0000023df246c290 JavaThread "Unconstrained build operations Thread 25" [_thread_blocked, id=4584, stack(0x00000072ff000000,0x00000072ff100000)]
  0x0000023df246ccb0 JavaThread "Unconstrained build operations Thread 26" [_thread_blocked, id=12080, stack(0x00000072ff100000,0x00000072ff200000)]
  0x0000023df2470970 JavaThread "Unconstrained build operations Thread 27" [_thread_blocked, id=15836, stack(0x00000072ff200000,0x00000072ff300000)]
  0x0000023df2472ce0 JavaThread "Unconstrained build operations Thread 28" [_thread_blocked, id=11984, stack(0x00000072ff300000,0x00000072ff400000)]
  0x0000023df2471db0 JavaThread "Unconstrained build operations Thread 29" [_thread_blocked, id=15444, stack(0x00000072ff400000,0x00000072ff500000)]
  0x0000023df246fa40 JavaThread "Unconstrained build operations Thread 30" [_thread_blocked, id=11364, stack(0x00000072ff500000,0x00000072ff600000)]

Other Threads:
  0x0000023decd7f4d0 VMThread "VM Thread" [stack: 0x00000072fa400000,0x00000072fa500000] [id=16996]
  0x0000023dd23cca50 WatcherThread [stack: 0x00000072fb200000,0x00000072fb300000] [id=17008]
  0x0000023dd242aa40 GCTaskThread "GC Thread#0" [stack: 0x00000072f9f00000,0x00000072fa000000] [id=16780]
  0x0000023df16c2850 GCTaskThread "GC Thread#1" [stack: 0x00000072fb300000,0x00000072fb400000] [id=4948]
  0x0000023df1e241a0 GCTaskThread "GC Thread#2" [stack: 0x00000072fb400000,0x00000072fb500000] [id=6164]
  0x0000023df267fac0 GCTaskThread "GC Thread#3" [stack: 0x00000072fb500000,0x00000072fb600000] [id=7792]
  0x0000023df24bdf50 GCTaskThread "GC Thread#4" [stack: 0x00000072fb600000,0x00000072fb700000] [id=8204]
  0x0000023df345a570 GCTaskThread "GC Thread#5" [stack: 0x00000072fc300000,0x00000072fc400000] [id=10212]
  0x0000023df28144c0 GCTaskThread "GC Thread#6" [stack: 0x00000072fc400000,0x00000072fc500000] [id=7640]
  0x0000023df3448880 GCTaskThread "GC Thread#7" [stack: 0x00000072fc500000,0x00000072fc600000] [id=5624]
  0x0000023df3672450 GCTaskThread "GC Thread#8" [stack: 0x00000072fc600000,0x00000072fc700000] [id=3724]
  0x0000023df2e4b2c0 GCTaskThread "GC Thread#9" [stack: 0x00000072fc700000,0x00000072fc800000] [id=16868]
  0x0000023df34ee870 GCTaskThread "GC Thread#10" [stack: 0x00000072fc800000,0x00000072fc900000] [id=2736]
  0x0000023df35835e0 GCTaskThread "GC Thread#11" [stack: 0x00000072fc900000,0x00000072fca00000] [id=14828]
  0x0000023df3539780 GCTaskThread "GC Thread#12" [stack: 0x00000072fca00000,0x00000072fcb00000] [id=4604]
  0x0000023dd243c040 ConcurrentGCThread "G1 Main Marker" [stack: 0x00000072fa000000,0x00000072fa100000] [id=724]
  0x0000023dd243c970 ConcurrentGCThread "G1 Conc#0" [stack: 0x00000072fa100000,0x00000072fa200000] [id=16952]
  0x0000023df35389c0 ConcurrentGCThread "G1 Conc#1" [stack: 0x00000072fcb00000,0x00000072fcc00000] [id=16628]
  0x0000023df353a280 ConcurrentGCThread "G1 Conc#2" [stack: 0x00000072fcc00000,0x00000072fcd00000] [id=16608]
  0x0000023dd248ddc0 ConcurrentGCThread "G1 Refine#0" [stack: 0x00000072fa200000,0x00000072fa300000] [id=17252]
  0x0000023dd248e700 ConcurrentGCThread "G1 Service" [stack: 0x00000072fa300000,0x00000072fa400000] [id=16908]

Threads with active compile tasks:
C2 CompilerThread0     8518 7967       4       org.objectweb.asm.Frame::execute (2318 bytes)

VM state: not at safepoint (normal execution)

VM Mutex/Monitor currently owned by a thread: None

Heap address: 0x0000000080000000, size: 2048 MB, Compressed Oops mode: 32-bit

CDS archive(s) not mapped
Compressed class space mapped at: 0x0000000100000000-0x0000000140000000, reserved size: 1073741824
Narrow klass base: 0x0000000000000000, Narrow klass shift: 3, Narrow klass range: 0x140000000

GC Precious Log:
 CPUs: 16 total, 16 available
 Memory: 7893M
 Large Page Support: Disabled
 NUMA Support: Disabled
 Compressed Oops: Enabled (32-bit)
 Heap Region Size: 1M
 Heap Min Capacity: 8M
 Heap Initial Capacity: 124M
 Heap Max Capacity: 2G
 Pre-touch: Disabled
 Parallel Workers: 13
 Concurrent Workers: 3
 Concurrent Refinement Workers: 13
 Periodic GC: Disabled

Heap:
 garbage-first heap   total 107520K, used 91415K [0x0000000080000000, 0x0000000100000000)
  region size 1024K, 30 young (30720K), 1 survivors (1024K)
 Metaspace       used 65498K, committed 66048K, reserved 1114112K
  class space    used 8837K, committed 9088K, reserved 1048576K

Heap Regions: E=young(eden), S=young(survivor), O=old, HS=humongous(starts), HC=humongous(continues), CS=collection set, F=free, OA=open archive, CA=closed archive, TAMS=top-at-mark-start (previous, next)
|   0|0x0000000080000000, 0x0000000080100000, 0x0000000080100000|100%|HS|  |TAMS 0x0000000080100000, 0x0000000080000000| Complete 
|   1|0x0000000080100000, 0x0000000080200000, 0x0000000080200000|100%|HC|  |TAMS 0x0000000080200000, 0x0000000080100000| Complete 
|   2|0x0000000080200000, 0x0000000080300000, 0x0000000080300000|100%|HC|  |TAMS 0x0000000080300000, 0x0000000080200000| Complete 
|   3|0x0000000080300000, 0x0000000080400000, 0x0000000080400000|100%|HC|  |TAMS 0x0000000080400000, 0x0000000080300000| Complete 
|   4|0x0000000080400000, 0x0000000080500000, 0x0000000080500000|100%| O|  |TAMS 0x0000000080500000, 0x0000000080400000| Untracked 
|   5|0x0000000080500000, 0x0000000080600000, 0x0000000080600000|100%| O|  |TAMS 0x0000000080600000, 0x0000000080500000| Untracked 
|   6|0x0000000080600000, 0x0000000080700000, 0x0000000080700000|100%| O|  |TAMS 0x0000000080700000, 0x0000000080600000| Untracked 
|   7|0x0000000080700000, 0x0000000080800000, 0x0000000080800000|100%| O|  |TAMS 0x0000000080800000, 0x0000000080700000| Untracked 
|   8|0x0000000080800000, 0x0000000080900000, 0x0000000080900000|100%| O|  |TAMS 0x0000000080900000, 0x0000000080800000| Untracked 
|   9|0x0000000080900000, 0x0000000080a00000, 0x0000000080a00000|100%| O|  |TAMS 0x0000000080a00000, 0x0000000080900000| Untracked 
|  10|0x0000000080a00000, 0x0000000080aa6000, 0x0000000080b00000| 64%| O|  |TAMS 0x0000000080aa6000, 0x0000000080a00000| Untracked 
|  11|0x0000000080b00000, 0x0000000080c00000, 0x0000000080c00000|100%| O|  |TAMS 0x0000000080c00000, 0x0000000080b00000| Untracked 
|  12|0x0000000080c00000, 0x0000000080d00000, 0x0000000080d00000|100%| O|  |TAMS 0x0000000080d00000, 0x0000000080c00000| Untracked 
|  13|0x0000000080d00000, 0x0000000080e00000, 0x0000000080e00000|100%| O|  |TAMS 0x0000000080e00000, 0x0000000080d00000| Untracked 
|  14|0x0000000080e00000, 0x0000000080f00000, 0x0000000080f00000|100%| O|  |TAMS 0x0000000080f00000, 0x0000000080e00000| Untracked 
|  15|0x0000000080f00000, 0x0000000081000000, 0x0000000081000000|100%| O|  |TAMS 0x0000000081000000, 0x0000000080f00000| Untracked 
|  16|0x0000000081000000, 0x0000000081100000, 0x0000000081100000|100%| O|  |TAMS 0x0000000081100000, 0x0000000081000000| Untracked 
|  17|0x0000000081100000, 0x0000000081200000, 0x0000000081200000|100%| O|  |TAMS 0x0000000081200000, 0x0000000081100000| Untracked 
|  18|0x0000000081200000, 0x0000000081300000, 0x0000000081300000|100%| O|  |TAMS 0x0000000081300000, 0x0000000081200000| Untracked 
|  19|0x0000000081300000, 0x0000000081400000, 0x0000000081400000|100%| O|  |TAMS 0x0000000081400000, 0x0000000081300000| Untracked 
|  20|0x0000000081400000, 0x0000000081500000, 0x0000000081500000|100%| O|  |TAMS 0x0000000081500000, 0x0000000081400000| Untracked 
|  21|0x0000000081500000, 0x0000000081600000, 0x0000000081600000|100%| O|  |TAMS 0x0000000081600000, 0x0000000081500000| Untracked 
|  22|0x0000000081600000, 0x0000000081700000, 0x0000000081700000|100%| O|  |TAMS 0x0000000081700000, 0x0000000081600000| Untracked 
|  23|0x0000000081700000, 0x0000000081800000, 0x0000000081800000|100%|HS|  |TAMS 0x0000000081700000, 0x0000000081700000| Complete 
|  24|0x0000000081800000, 0x0000000081900000, 0x0000000081900000|100%| O|  |TAMS 0x0000000081900000, 0x0000000081800000| Untracked 
|  25|0x0000000081900000, 0x0000000081a00000, 0x0000000081a00000|100%| O|  |TAMS 0x0000000081a00000, 0x0000000081900000| Untracked 
|  26|0x0000000081a00000, 0x0000000081b00000, 0x0000000081b00000|100%| O|  |TAMS 0x0000000081b00000, 0x0000000081a00000| Untracked 
|  27|0x0000000081b00000, 0x0000000081c00000, 0x0000000081c00000|100%| O|  |TAMS 0x0000000081c00000, 0x0000000081b00000| Untracked 
|  28|0x0000000081c00000, 0x0000000081d00000, 0x0000000081d00000|100%| O|  |TAMS 0x0000000081d00000, 0x0000000081c00000| Untracked 
|  29|0x0000000081d00000, 0x0000000081e00000, 0x0000000081e00000|100%| O|  |TAMS 0x0000000081e00000, 0x0000000081d00000| Untracked 
|  30|0x0000000081e00000, 0x0000000081f00000, 0x0000000081f00000|100%| O|  |TAMS 0x0000000081f00000, 0x0000000081e00000| Complete 
|  31|0x0000000081f00000, 0x0000000082000000, 0x0000000082000000|100%| O|  |TAMS 0x0000000082000000, 0x0000000081f00000| Untracked 
|  32|0x0000000082000000, 0x0000000082100000, 0x0000000082100000|100%| O|  |TAMS 0x0000000082100000, 0x0000000082000000| Untracked 
|  33|0x0000000082100000, 0x0000000082200000, 0x0000000082200000|100%| O|  |TAMS 0x0000000082200000, 0x0000000082100000| Untracked 
|  34|0x0000000082200000, 0x0000000082300000, 0x0000000082300000|100%| O|  |TAMS 0x0000000082300000, 0x0000000082200000| Untracked 
|  35|0x0000000082300000, 0x0000000082400000, 0x0000000082400000|100%| O|  |TAMS 0x0000000082400000, 0x0000000082300000| Untracked 
|  36|0x0000000082400000, 0x0000000082500000, 0x0000000082500000|100%| O|  |TAMS 0x0000000082500000, 0x0000000082400000| Untracked 
|  37|0x0000000082500000, 0x0000000082600000, 0x0000000082600000|100%| O|  |TAMS 0x0000000082600000, 0x0000000082500000| Untracked 
|  38|0x0000000082600000, 0x0000000082700000, 0x0000000082700000|100%| O|  |TAMS 0x0000000082700000, 0x0000000082600000| Untracked 
|  39|0x0000000082700000, 0x0000000082800000, 0x0000000082800000|100%| O|  |TAMS 0x0000000082800000, 0x0000000082700000| Untracked 
|  40|0x0000000082800000, 0x0000000082900000, 0x0000000082900000|100%| O|  |TAMS 0x0000000082900000, 0x0000000082800000| Untracked 
|  41|0x0000000082900000, 0x0000000082a00000, 0x0000000082a00000|100%| O|  |TAMS 0x0000000082a00000, 0x0000000082900000| Untracked 
|  42|0x0000000082a00000, 0x0000000082b00000, 0x0000000082b00000|100%| O|  |TAMS 0x0000000082b00000, 0x0000000082a00000| Untracked 
|  43|0x0000000082b00000, 0x0000000082c00000, 0x0000000082c00000|100%|HS|  |TAMS 0x0000000082c00000, 0x0000000082b00000| Complete 
|  44|0x0000000082c00000, 0x0000000082d00000, 0x0000000082d00000|100%|HS|  |TAMS 0x0000000082d00000, 0x0000000082c00000| Complete 
|  45|0x0000000082d00000, 0x0000000082e00000, 0x0000000082e00000|100%|HS|  |TAMS 0x0000000082e00000, 0x0000000082d00000| Complete 
|  46|0x0000000082e00000, 0x0000000082f00000, 0x0000000082f00000|100%|HC|  |TAMS 0x0000000082f00000, 0x0000000082e00000| Complete 
|  47|0x0000000082f00000, 0x0000000083000000, 0x0000000083000000|100%|HS|  |TAMS 0x0000000083000000, 0x0000000082f00000| Complete 
|  48|0x0000000083000000, 0x0000000083100000, 0x0000000083100000|100%|HC|  |TAMS 0x0000000083100000, 0x0000000083000000| Complete 
|  49|0x0000000083100000, 0x0000000083200000, 0x0000000083200000|100%| O|  |TAMS 0x0000000083200000, 0x0000000083100000| Untracked 
|  50|0x0000000083200000, 0x0000000083300000, 0x0000000083300000|100%| O|  |TAMS 0x0000000083300000, 0x0000000083200000| Untracked 
|  51|0x0000000083300000, 0x0000000083400000, 0x0000000083400000|100%| O|  |TAMS 0x0000000083400000, 0x0000000083300000| Untracked 
|  52|0x0000000083400000, 0x0000000083500000, 0x0000000083500000|100%| O|  |TAMS 0x0000000083500000, 0x0000000083400000| Untracked 
|  53|0x0000000083500000, 0x0000000083600000, 0x0000000083600000|100%| O|  |TAMS 0x0000000083600000, 0x0000000083500000| Untracked 
|  54|0x0000000083600000, 0x0000000083678c00, 0x0000000083700000| 47%| O|  |TAMS 0x0000000083678c00, 0x0000000083600000| Untracked 
|  55|0x0000000083700000, 0x0000000083800000, 0x0000000083800000|100%|HS|  |TAMS 0x0000000083700000, 0x0000000083700000| Complete 
|  56|0x0000000083800000, 0x0000000083900000, 0x0000000083900000|100%|HC|  |TAMS 0x0000000083800000, 0x0000000083800000| Complete 
|  57|0x0000000083900000, 0x0000000083a00000, 0x0000000083a00000|100%|HC|  |TAMS 0x0000000083900000, 0x0000000083900000| Complete 
|  58|0x0000000083a00000, 0x0000000083b00000, 0x0000000083b00000|100%|HC|  |TAMS 0x0000000083a00000, 0x0000000083a00000| Complete 
|  59|0x0000000083b00000, 0x0000000083c00000, 0x0000000083c00000|100%|HS|  |TAMS 0x0000000083b00000, 0x0000000083b00000| Complete 
|  60|0x0000000083c00000, 0x0000000083d00000, 0x0000000083d00000|100%|HS|  |TAMS 0x0000000083c00000, 0x0000000083c00000| Complete 
|  61|0x0000000083d00000, 0x0000000083e00000, 0x0000000083e00000|100%|HS|  |TAMS 0x0000000083d00000, 0x0000000083d00000| Complete 
|  62|0x0000000083e00000, 0x0000000083f00000, 0x0000000083f00000|100%|HS|  |TAMS 0x0000000083e00000, 0x0000000083e00000| Complete 
|  63|0x0000000083f00000, 0x0000000083f00000, 0x0000000084000000|  0%| F|  |TAMS 0x0000000083f00000, 0x0000000083f00000| Untracked 
|  64|0x0000000084000000, 0x0000000084000000, 0x0000000084100000|  0%| F|  |TAMS 0x0000000084000000, 0x0000000084000000| Untracked 
|  65|0x0000000084100000, 0x0000000084100000, 0x0000000084200000|  0%| F|  |TAMS 0x0000000084100000, 0x0000000084100000| Untracked 
|  66|0x0000000084200000, 0x0000000084200000, 0x0000000084300000|  0%| F|  |TAMS 0x0000000084200000, 0x0000000084200000| Untracked 
|  67|0x0000000084300000, 0x0000000084300000, 0x0000000084400000|  0%| F|  |TAMS 0x0000000084300000, 0x0000000084300000| Untracked 
|  68|0x0000000084400000, 0x0000000084400000, 0x0000000084500000|  0%| F|  |TAMS 0x0000000084400000, 0x0000000084400000| Untracked 
|  69|0x0000000084500000, 0x0000000084500000, 0x0000000084600000|  0%| F|  |TAMS 0x0000000084500000, 0x0000000084500000| Untracked 
|  70|0x0000000084600000, 0x0000000084600000, 0x0000000084700000|  0%| F|  |TAMS 0x0000000084600000, 0x0000000084600000| Untracked 
|  71|0x0000000084700000, 0x0000000084700000, 0x0000000084800000|  0%| F|  |TAMS 0x0000000084700000, 0x0000000084700000| Untracked 
|  72|0x0000000084800000, 0x0000000084800000, 0x0000000084900000|  0%| F|  |TAMS 0x0000000084800000, 0x0000000084800000| Untracked 
|  73|0x0000000084900000, 0x0000000084900000, 0x0000000084a00000|  0%| F|  |TAMS 0x0000000084900000, 0x0000000084900000| Untracked 
|  74|0x0000000084a00000, 0x0000000084a00000, 0x0000000084b00000|  0%| F|  |TAMS 0x0000000084a00000, 0x0000000084a00000| Untracked 
|  75|0x0000000084b00000, 0x0000000084b6ab60, 0x0000000084c00000| 41%| E|  |TAMS 0x0000000084b00000, 0x0000000084b00000| Complete 
|  76|0x0000000084c00000, 0x0000000084d00000, 0x0000000084d00000|100%| E|CS|TAMS 0x0000000084c00000, 0x0000000084c00000| Complete 
|  77|0x0000000084d00000, 0x0000000084e00000, 0x0000000084e00000|100%| E|CS|TAMS 0x0000000084d00000, 0x0000000084d00000| Complete 
|  78|0x0000000084e00000, 0x0000000084f00000, 0x0000000084f00000|100%| E|CS|TAMS 0x0000000084e00000, 0x0000000084e00000| Complete 
|  79|0x0000000084f00000, 0x0000000085000000, 0x0000000085000000|100%| E|CS|TAMS 0x0000000084f00000, 0x0000000084f00000| Complete 
|  80|0x0000000085000000, 0x0000000085100000, 0x0000000085100000|100%| E|CS|TAMS 0x0000000085000000, 0x0000000085000000| Complete 
|  81|0x0000000085100000, 0x0000000085200000, 0x0000000085200000|100%| E|CS|TAMS 0x0000000085100000, 0x0000000085100000| Complete 
|  82|0x0000000085200000, 0x0000000085300000, 0x0000000085300000|100%| E|CS|TAMS 0x0000000085200000, 0x0000000085200000| Complete 
|  83|0x0000000085300000, 0x0000000085400000, 0x0000000085400000|100%| E|CS|TAMS 0x0000000085300000, 0x0000000085300000| Complete 
|  84|0x0000000085400000, 0x0000000085500000, 0x0000000085500000|100%| E|CS|TAMS 0x0000000085400000, 0x0000000085400000| Complete 
|  85|0x0000000085500000, 0x0000000085600000, 0x0000000085600000|100%| E|  |TAMS 0x0000000085500000, 0x0000000085500000| Complete 
|  86|0x0000000085600000, 0x0000000085700000, 0x0000000085700000|100%| E|CS|TAMS 0x0000000085600000, 0x0000000085600000| Complete 
|  87|0x0000000085700000, 0x0000000085800000, 0x0000000085800000|100%| E|CS|TAMS 0x0000000085700000, 0x0000000085700000| Complete 
|  88|0x0000000085800000, 0x0000000085900000, 0x0000000085900000|100%| E|CS|TAMS 0x0000000085800000, 0x0000000085800000| Complete 
|  89|0x0000000085900000, 0x0000000085a00000, 0x0000000085a00000|100%| E|CS|TAMS 0x0000000085900000, 0x0000000085900000| Complete 
|  90|0x0000000085a00000, 0x0000000085b00000, 0x0000000085b00000|100%| E|CS|TAMS 0x0000000085a00000, 0x0000000085a00000| Complete 
|  91|0x0000000085b00000, 0x0000000085c00000, 0x0000000085c00000|100%| E|CS|TAMS 0x0000000085b00000, 0x0000000085b00000| Complete 
|  92|0x0000000085c00000, 0x0000000085d00000, 0x0000000085d00000|100%| E|CS|TAMS 0x0000000085c00000, 0x0000000085c00000| Complete 
|  93|0x0000000085d00000, 0x0000000085e00000, 0x0000000085e00000|100%| E|CS|TAMS 0x0000000085d00000, 0x0000000085d00000| Complete 
|  94|0x0000000085e00000, 0x0000000085f00000, 0x0000000085f00000|100%| E|CS|TAMS 0x0000000085e00000, 0x0000000085e00000| Complete 
|  95|0x0000000085f00000, 0x0000000086000000, 0x0000000086000000|100%| E|CS|TAMS 0x0000000085f00000, 0x0000000085f00000| Complete 
|  96|0x0000000086000000, 0x0000000086100000, 0x0000000086100000|100%| E|CS|TAMS 0x0000000086000000, 0x0000000086000000| Complete 
|  97|0x0000000086100000, 0x0000000086200000, 0x0000000086200000|100%| E|CS|TAMS 0x0000000086100000, 0x0000000086100000| Complete 
|  98|0x0000000086200000, 0x0000000086300000, 0x0000000086300000|100%| E|CS|TAMS 0x0000000086200000, 0x0000000086200000| Complete 
|  99|0x0000000086300000, 0x0000000086400000, 0x0000000086400000|100%| E|CS|TAMS 0x0000000086300000, 0x0000000086300000| Complete 
| 100|0x0000000086400000, 0x0000000086500000, 0x0000000086500000|100%| E|CS|TAMS 0x0000000086400000, 0x0000000086400000| Complete 
| 101|0x0000000086500000, 0x0000000086600000, 0x0000000086600000|100%| E|CS|TAMS 0x0000000086500000, 0x0000000086500000| Complete 
| 102|0x0000000086600000, 0x0000000086700000, 0x0000000086700000|100%| E|CS|TAMS 0x0000000086600000, 0x0000000086600000| Complete 
| 103|0x0000000086700000, 0x0000000086727258, 0x0000000086800000| 15%| S|CS|TAMS 0x0000000086700000, 0x0000000086700000| Complete 
| 123|0x0000000087b00000, 0x0000000087c00000, 0x0000000087c00000|100%| E|CS|TAMS 0x0000000087b00000, 0x0000000087b00000| Complete 

Card table byte_map: [0x0000023de5540000,0x0000023de5940000] _byte_map_base: 0x0000023de5140000

Marking Bits (Prev, Next): (CMBitMap*) 0x0000023dd242afb0, (CMBitMap*) 0x0000023dd242af70
 Prev Bits: [0x0000023de7d40000, 0x0000023de9d40000)
 Next Bits: [0x0000023de5d40000, 0x0000023de7d40000)

Polling page: 0x0000023dd0310000

Metaspace:

Usage:
  Non-class:     55.34 MB used.
      Class:      8.63 MB used.
       Both:     63.97 MB used.

Virtual space:
  Non-class space:       64.00 MB reserved,      55.62 MB ( 87%) committed,  1 nodes.
      Class space:        1.00 GB reserved,       8.88 MB ( <1%) committed,  1 nodes.
             Both:        1.06 GB reserved,      64.50 MB (  6%) committed. 

Chunk freelists:
   Non-Class:  7.84 MB
       Class:  7.14 MB
        Both:  14.98 MB

MaxMetaspaceSize: unlimited
CompressedClassSpaceSize: 1.00 GB
Initial GC threshold: 21.00 MB
Current GC threshold: 105.00 MB
CDS: off
MetaspaceReclaimPolicy: balanced
 - commit_granule_bytes: 65536.
 - commit_granule_words: 8192.
 - virtual_space_node_default_size: 8388608.
 - enlarge_chunks_in_place: 1.
 - new_chunks_are_fully_committed: 0.
 - uncommit_free_chunks: 1.
 - use_allocation_guard: 0.
 - handle_deallocations: 1.


Internal statistics:

num_allocs_failed_limit: 9.
num_arena_births: 632.
num_arena_deaths: 0.
num_vsnodes_births: 2.
num_vsnodes_deaths: 0.
num_space_committed: 1032.
num_space_uncommitted: 0.
num_chunks_returned_to_freelist: 9.
num_chunks_taken_from_freelist: 2682.
num_chunk_merges: 6.
num_chunk_splits: 1780.
num_chunks_enlarged: 1217.
num_inconsistent_stats: 0.

CodeHeap 'non-profiled nmethods': size=119168Kb used=2366Kb max_used=2983Kb free=116801Kb
 bounds [0x0000023ddd450000, 0x0000023ddd740000, 0x0000023de48b0000]
CodeHeap 'profiled nmethods': size=119104Kb used=13814Kb max_used=13814Kb free=105289Kb
 bounds [0x0000023dd58b0000, 0x0000023dd6630000, 0x0000023ddcd00000]
CodeHeap 'non-nmethods': size=7488Kb used=3376Kb max_used=3431Kb free=4111Kb
 bounds [0x0000023ddcd00000, 0x0000023ddd060000, 0x0000023ddd450000]
 total_blobs=7859 nmethods=7102 adapters=666
 compilation: enabled
              stopped_count=0, restarted_count=0
 full_count=0

Compilation events (20 events):
Event: 8.390 Thread 0x0000023df11f1610 nmethod 8005 0x0000023dd6624c90 code [0x0000023dd6624e20, 0x0000023dd6624fe8]
Event: 8.390 Thread 0x0000023df2e1f6d0 nmethod 8007 0x0000023dd6625090 code [0x0000023dd6625240, 0x0000023dd6625548]
Event: 8.390 Thread 0x0000023df11f1610 8009       3       com.google.common.collect.MapMakerInternalMap$StrongKeyWeakValueEntry$Helper::setValue (32 bytes)
Event: 8.390 Thread 0x0000023df1058850 nmethod 8008 0x0000023dd6625610 code [0x0000023dd66257c0, 0x0000023dd6625ac8]
Event: 8.390 Thread 0x0000023df2e1f6d0 8010       3       com.google.common.collect.MapMakerInternalMap$1::clear (1 bytes)
Event: 8.390 Thread 0x0000023df2e1f6d0 nmethod 8010 0x0000023dd6625b90 code [0x0000023dd6625d20, 0x0000023dd6625e38]
Event: 8.390 Thread 0x0000023df11eece0 nmethod 8006 0x0000023dd6625f10 code [0x0000023dd6626100, 0x0000023dd66266b8]
Event: 8.390 Thread 0x0000023df11f1610 nmethod 8009 0x0000023dd6626910 code [0x0000023dd6626b00, 0x0000023dd6627108]
Event: 8.398 Thread 0x0000023df11f1610 8011   !   3       org.gradle.internal.classloader.FilteringClassLoader::loadClass (62 bytes)
Event: 8.399 Thread 0x0000023df11f1610 nmethod 8011 0x0000023dd6627390 code [0x0000023dd6627640, 0x0000023dd6628268]
Event: 8.407 Thread 0x0000023df2e1f6d0 8012       3       org.gradle.internal.classloader.TransformErrorHandler::getLastErrorAndClear (20 bytes)
Event: 8.407 Thread 0x0000023df2e1f6d0 nmethod 8012 0x0000023dd6628710 code [0x0000023dd66288c0, 0x0000023dd6628c38]
Event: 8.407 Thread 0x0000023df11eece0 8013       3       org.gradle.internal.classloader.TransformReplacer::ensureOpened (18 bytes)
Event: 8.407 Thread 0x0000023df1058850 8014       1       org.gradle.internal.classloader.JarCompat::getJarFile (5 bytes)
Event: 8.407 Thread 0x0000023df1058850 nmethod 8014 0x0000023ddd63a510 code [0x0000023ddd63a6a0, 0x0000023ddd63a778]
Event: 8.407 Thread 0x0000023df11eece0 nmethod 8013 0x0000023dd6628d90 code [0x0000023dd6628f40, 0x0000023dd6629148]
Event: 8.459 Thread 0x0000023df11eece0 8016       3       sun.reflect.generics.scope.AbstractScope::lookup (66 bytes)
Event: 8.460 Thread 0x0000023df11eece0 nmethod 8016 0x0000023dd6629210 code [0x0000023dd6629420, 0x0000023dd6629c08]
Event: 8.487 Thread 0x0000023df2e1f6d0 8017       3       com.google.common.collect.MapMakerInternalMap$StrongKeyWeakValueEntry$LinkedStrongKeyWeakValueEntry::getNext (5 bytes)
Event: 8.487 Thread 0x0000023df2e1f6d0 nmethod 8017 0x0000023dd6629e90 code [0x0000023dd662a020, 0x0000023dd662a138]

GC Heap History (20 events):
Event: 4.785 GC heap before
{Heap before GC invocations=10 (full 0):
 garbage-first heap   total 86016K, used 66143K [0x0000000080000000, 0x0000000100000000)
  region size 1024K, 41 young (41984K), 4 survivors (4096K)
 Metaspace       used 43484K, committed 43904K, reserved 1114112K
  class space    used 5780K, committed 5952K, reserved 1048576K
}
Event: 4.792 GC heap after
{Heap after GC invocations=11 (full 0):
 garbage-first heap   total 86016K, used 31546K [0x0000000080000000, 0x0000000100000000)
  region size 1024K, 6 young (6144K), 6 survivors (6144K)
 Metaspace       used 43484K, committed 43904K, reserved 1114112K
  class space    used 5780K, committed 5952K, reserved 1048576K
}
Event: 5.297 GC heap before
{Heap before GC invocations=11 (full 0):
 garbage-first heap   total 86016K, used 65338K [0x0000000080000000, 0x0000000100000000)
  region size 1024K, 39 young (39936K), 6 survivors (6144K)
 Metaspace       used 47657K, committed 48192K, reserved 1114112K
  class space    used 6479K, committed 6720K, reserved 1048576K
}
Event: 5.300 GC heap after
{Heap after GC invocations=12 (full 0):
 garbage-first heap   total 86016K, used 33478K [0x0000000080000000, 0x0000000100000000)
  region size 1024K, 3 young (3072K), 3 survivors (3072K)
 Metaspace       used 47657K, committed 48192K, reserved 1114112K
  class space    used 6479K, committed 6720K, reserved 1048576K
}
Event: 5.713 GC heap before
{Heap before GC invocations=12 (full 0):
 garbage-first heap   total 86016K, used 66246K [0x0000000080000000, 0x0000000100000000)
  region size 1024K, 35 young (35840K), 3 survivors (3072K)
 Metaspace       used 52067K, committed 52480K, reserved 1114112K
  class space    used 7196K, committed 7360K, reserved 1048576K
}
Event: 5.716 GC heap after
{Heap after GC invocations=13 (full 0):
 garbage-first heap   total 86016K, used 35055K [0x0000000080000000, 0x0000000100000000)
  region size 1024K, 4 young (4096K), 4 survivors (4096K)
 Metaspace       used 52067K, committed 52480K, reserved 1114112K
  class space    used 7196K, committed 7360K, reserved 1048576K
}
Event: 6.266 GC heap before
{Heap before GC invocations=13 (full 0):
 garbage-first heap   total 86016K, used 68847K [0x0000000080000000, 0x0000000100000000)
  region size 1024K, 36 young (36864K), 4 survivors (4096K)
 Metaspace       used 58230K, committed 58752K, reserved 1114112K
  class space    used 7895K, committed 8128K, reserved 1048576K
}
Event: 6.270 GC heap after
{Heap after GC invocations=14 (full 0):
 garbage-first heap   total 86016K, used 38178K [0x0000000080000000, 0x0000000100000000)
  region size 1024K, 5 young (5120K), 5 survivors (5120K)
 Metaspace       used 58230K, committed 58752K, reserved 1114112K
  class space    used 7895K, committed 8128K, reserved 1048576K
}
Event: 6.480 GC heap before
{Heap before GC invocations=14 (full 0):
 garbage-first heap   total 86016K, used 46370K [0x0000000080000000, 0x0000000100000000)
  region size 1024K, 14 young (14336K), 5 survivors (5120K)
 Metaspace       used 59844K, committed 60288K, reserved 1114112K
  class space    used 8148K, committed 8384K, reserved 1048576K
}
Event: 6.483 GC heap after
{Heap after GC invocations=15 (full 0):
 garbage-first heap   total 86016K, used 39057K [0x0000000080000000, 0x0000000100000000)
  region size 1024K, 1 young (1024K), 1 survivors (1024K)
 Metaspace       used 59844K, committed 60288K, reserved 1114112K
  class space    used 8148K, committed 8384K, reserved 1048576K
}
Event: 7.691 GC heap before
{Heap before GC invocations=16 (full 0):
 garbage-first heap   total 86016K, used 67729K [0x0000000080000000, 0x0000000100000000)
  region size 1024K, 30 young (30720K), 1 survivors (1024K)
 Metaspace       used 62867K, committed 63360K, reserved 1114112K
  class space    used 8515K, committed 8768K, reserved 1048576K
}
Event: 7.694 GC heap after
{Heap after GC invocations=17 (full 0):
 garbage-first heap   total 86016K, used 42941K [0x0000000080000000, 0x0000000100000000)
  region size 1024K, 4 young (4096K), 4 survivors (4096K)
 Metaspace       used 62867K, committed 63360K, reserved 1114112K
  class space    used 8515K, committed 8768K, reserved 1048576K
}
Event: 7.834 GC heap before
{Heap before GC invocations=17 (full 0):
 garbage-first heap   total 86016K, used 66493K [0x0000000080000000, 0x0000000100000000)
  region size 1024K, 28 young (28672K), 4 survivors (4096K)
 Metaspace       used 63207K, committed 63744K, reserved 1114112K
  class space    used 8520K, committed 8768K, reserved 1048576K
}
Event: 7.838 GC heap after
{Heap after GC invocations=18 (full 0):
 garbage-first heap   total 86016K, used 47079K [0x0000000080000000, 0x0000000100000000)
  region size 1024K, 4 young (4096K), 4 survivors (4096K)
 Metaspace       used 63207K, committed 63744K, reserved 1114112K
  class space    used 8520K, committed 8768K, reserved 1048576K
}
Event: 8.045 GC heap before
{Heap before GC invocations=19 (full 0):
 garbage-first heap   total 89088K, used 73703K [0x0000000080000000, 0x0000000100000000)
  region size 1024K, 24 young (24576K), 4 survivors (4096K)
 Metaspace       used 63803K, committed 64320K, reserved 1114112K
  class space    used 8599K, committed 8832K, reserved 1048576K
}
Event: 8.048 GC heap after
{Heap after GC invocations=20 (full 0):
 garbage-first heap   total 89088K, used 54873K [0x0000000080000000, 0x0000000100000000)
  region size 1024K, 3 young (3072K), 3 survivors (3072K)
 Metaspace       used 63803K, committed 64320K, reserved 1114112K
  class space    used 8599K, committed 8832K, reserved 1048576K
}
Event: 8.057 GC heap before
{Heap before GC invocations=20 (full 0):
 garbage-first heap   total 89088K, used 54873K [0x0000000080000000, 0x0000000100000000)
  region size 1024K, 4 young (4096K), 3 survivors (3072K)
 Metaspace       used 63915K, committed 64384K, reserved 1114112K
  class space    used 8618K, committed 8832K, reserved 1048576K
}
Event: 8.058 GC heap after
{Heap after GC invocations=21 (full 0):
 garbage-first heap   total 107520K, used 54741K [0x0000000080000000, 0x0000000100000000)
  region size 1024K, 1 young (1024K), 1 survivors (1024K)
 Metaspace       used 63915K, committed 64384K, reserved 1114112K
  class space    used 8618K, committed 8832K, reserved 1048576K
}
Event: 8.065 GC heap before
{Heap before GC invocations=21 (full 0):
 garbage-first heap   total 107520K, used 54741K [0x0000000080000000, 0x0000000100000000)
  region size 1024K, 2 young (2048K), 1 survivors (1024K)
 Metaspace       used 63984K, committed 64512K, reserved 1114112K
  class space    used 8630K, committed 8896K, reserved 1048576K
}
Event: 8.067 GC heap after
{Heap after GC invocations=22 (full 0):
 garbage-first heap   total 107520K, used 54551K [0x0000000080000000, 0x0000000100000000)
  region size 1024K, 1 young (1024K), 1 survivors (1024K)
 Metaspace       used 63984K, committed 64512K, reserved 1114112K
  class space    used 8630K, committed 8896K, reserved 1048576K
}

Dll operation events (3 events):
Event: 0.023 Loaded shared library C:\Program Files\Android\Android Studio\jbr\bin\java.dll
Event: 0.172 Loaded shared library C:\Program Files\Android\Android Studio\jbr\bin\zip.dll
Event: 0.369 Loaded shared library C:\Program Files\Android\Android Studio\jbr\bin\verify.dll

Deoptimization events (20 events):
Event: 8.210 Thread 0x0000023df2e4ba20 DEOPT PACKING pc=0x0000023dd59ad57a sp=0x00000072fbff6b40
Event: 8.210 Thread 0x0000023df2e4ba20 DEOPT UNPACKING pc=0x0000023ddcd5ace3 sp=0x00000072fbff6088 mode 0
Event: 8.238 Thread 0x0000023df2e4ba20 Uncommon trap: trap_request=0xffffffc6 fr.pc=0x0000023ddd6ca70c relative=0x00000000000007ac
Event: 8.238 Thread 0x0000023df2e4ba20 Uncommon trap: reason=bimorphic_or_optimized_type_check action=maybe_recompile pc=0x0000023ddd6ca70c method=java.util.regex.Pattern$Start.match(Ljava/util/regex/Matcher;ILjava/lang/CharSequence;)Z @ 44 c2
Event: 8.238 Thread 0x0000023df2e4ba20 DEOPT PACKING pc=0x0000023ddd6ca70c sp=0x00000072fbff7c10
Event: 8.238 Thread 0x0000023df2e4ba20 DEOPT UNPACKING pc=0x0000023ddcd5a1a3 sp=0x00000072fbff7ae8 mode 2
Event: 8.261 Thread 0x0000023df2e4ba20 DEOPT PACKING pc=0x0000023dd634ef42 sp=0x00000072fbff0de0
Event: 8.261 Thread 0x0000023df2e4ba20 DEOPT UNPACKING pc=0x0000023ddcd5ace3 sp=0x00000072fbff02f0 mode 0
Event: 8.347 Thread 0x0000023df2e4ba20 Uncommon trap: trap_request=0xffffffc6 fr.pc=0x0000023ddd6d1a94 relative=0x00000000000001d4
Event: 8.347 Thread 0x0000023df2e4ba20 Uncommon trap: reason=bimorphic_or_optimized_type_check action=maybe_recompile pc=0x0000023ddd6d1a94 method=java.io.BufferedInputStream.read1([BII)I @ 39 c2
Event: 8.347 Thread 0x0000023df2e4ba20 DEOPT PACKING pc=0x0000023ddd6d1a94 sp=0x00000072fbff6af0
Event: 8.347 Thread 0x0000023df2e4ba20 DEOPT UNPACKING pc=0x0000023ddcd5a1a3 sp=0x00000072fbff6a78 mode 2
Event: 8.347 Thread 0x0000023df2e4ba20 Uncommon trap: trap_request=0xffffffc6 fr.pc=0x0000023ddd6d1a94 relative=0x00000000000001d4
Event: 8.347 Thread 0x0000023df2e4ba20 Uncommon trap: reason=bimorphic_or_optimized_type_check action=maybe_recompile pc=0x0000023ddd6d1a94 method=java.io.BufferedInputStream.read1([BII)I @ 39 c2
Event: 8.347 Thread 0x0000023df2e4ba20 DEOPT PACKING pc=0x0000023ddd6d1a94 sp=0x00000072fbff6af0
Event: 8.347 Thread 0x0000023df2e4ba20 DEOPT UNPACKING pc=0x0000023ddcd5a1a3 sp=0x00000072fbff6a78 mode 2
Event: 8.347 Thread 0x0000023df2e4ba20 Uncommon trap: trap_request=0xffffffc6 fr.pc=0x0000023ddd6d1a94 relative=0x00000000000001d4
Event: 8.347 Thread 0x0000023df2e4ba20 Uncommon trap: reason=bimorphic_or_optimized_type_check action=maybe_recompile pc=0x0000023ddd6d1a94 method=java.io.BufferedInputStream.read1([BII)I @ 39 c2
Event: 8.347 Thread 0x0000023df2e4ba20 DEOPT PACKING pc=0x0000023ddd6d1a94 sp=0x00000072fbff6af0
Event: 8.347 Thread 0x0000023df2e4ba20 DEOPT UNPACKING pc=0x0000023ddcd5a1a3 sp=0x00000072fbff6a78 mode 2

Classes unloaded (0 events):
No events

Classes redefined (0 events):
No events

Internal exceptions (20 events):
Event: 6.843 Thread 0x0000023df2e4ba20 Implicit null exception at 0x0000023ddd48e972 to 0x0000023ddd48efc8
Event: 7.656 Thread 0x0000023df2e4ba20 Exception <a 'java/lang/NoSuchMethodError'{0x0000000083a98860}: 'java.lang.Object java.lang.invoke.DirectMethodHandle$Holder.newInvokeSpecial(java.lang.Object, java.lang.Object, java.lang.Object, java.lang.Object, int, java.lang.Object)'> (0x0000000083a98860) 
thrown [s\src\hotspot\share\interpreter\linkResolver.cpp, line 771]
Event: 7.656 Thread 0x0000023df2e4ba20 Exception <a 'java/lang/NoSuchMethodError'{0x0000000083a9dbb8}: 'java.lang.Object java.lang.invoke.Invokers$Holder.linkToTargetMethod(java.lang.Object, java.lang.Object, java.lang.Object, int, java.lang.Object, java.lang.Object)'> (0x0000000083a9dbb8) 
thrown [s\src\hotspot\share\interpreter\linkResolver.cpp, line 771]
Event: 7.698 Thread 0x0000023decddcae0 Implicit null exception at 0x0000023ddd6e4ddd to 0x0000023ddd6e4f30
Event: 7.913 Thread 0x0000023df2e4ba20 Exception <a 'java/lang/NoSuchMethodError'{0x0000000084c73ab8}: 'long java.lang.invoke.DirectMethodHandle$Holder.invokeVirtual(java.lang.Object, java.lang.Object)'> (0x0000000084c73ab8) 
thrown [s\src\hotspot\share\interpreter\linkResolver.cpp, line 771]
Event: 7.917 Thread 0x0000023df3435de0 Exception <a 'java/lang/NoSuchMethodError'{0x0000000084cbcf08}: static Lorg/gradle/internal/build/event/types/DefaultOperationFinishedProgressEvent;.<clinit>()V> (0x0000000084cbcf08) 
thrown [s\src\hotspot\share\prims\jni.cpp, line 1127]
Event: 7.919 Thread 0x0000023df3435de0 Exception <a 'java/lang/NoSuchMethodError'{0x0000000084ce77f8}: static Lorg/gradle/internal/build/event/types/DefaultProjectConfigurationSuccessResult;.<clinit>()V> (0x0000000084ce77f8) 
thrown [s\src\hotspot\share\prims\jni.cpp, line 1127]
Event: 7.919 Thread 0x0000023df3435de0 Exception <a 'java/lang/NoSuchMethodError'{0x0000000084ce8d90}: static Lorg/gradle/internal/build/event/types/AbstractProjectConfigurationResult;.<clinit>()V> (0x0000000084ce8d90) 
thrown [s\src\hotspot\share\prims\jni.cpp, line 1127]
Event: 7.919 Thread 0x0000023df3435de0 Exception <a 'java/lang/NoSuchMethodError'{0x0000000084cea4d8}: static Lorg/gradle/internal/build/event/types/AbstractOperationResult;.<clinit>()V> (0x0000000084cea4d8) 
thrown [s\src\hotspot\share\prims\jni.cpp, line 1127]
Event: 7.919 Thread 0x0000023df3435de0 Exception <a 'java/lang/NoSuchMethodError'{0x0000000084ceb950}: static Lorg/gradle/internal/build/event/types/AbstractResult;.<clinit>()V> (0x0000000084ceb950) 
thrown [s\src\hotspot\share\prims\jni.cpp, line 1127]
Event: 7.920 Thread 0x0000023df3435de0 Exception <a 'java/lang/NoSuchMethodError'{0x0000000084b3f900}: static Lorg/gradle/internal/build/event/types/DefaultPluginApplicationResult;.<clinit>()V> (0x0000000084b3f900) 
thrown [s\src\hotspot\share\prims\jni.cpp, line 1127]
Event: 7.920 Thread 0x0000023df3435de0 Exception <a 'java/lang/NoSuchMethodError'{0x0000000084b4c730}: static Lorg/gradle/internal/build/event/types/DefaultBinaryPluginIdentifier;.<clinit>()V> (0x0000000084b4c730) 
thrown [s\src\hotspot\share\prims\jni.cpp, line 1127]
Event: 7.922 Thread 0x0000023df3435de0 Exception <a 'java/lang/NoSuchMethodError'{0x0000000084b66430}: static Lorg/gradle/internal/build/event/types/DefaultScriptPluginIdentifier;.<clinit>()V> (0x0000000084b66430) 
thrown [s\src\hotspot\share\prims\jni.cpp, line 1127]
Event: 7.968 Thread 0x0000023df2e4ba20 Implicit null exception at 0x0000023ddd73620f to 0x0000023ddd736b3c
Event: 7.968 Thread 0x0000023df2e4ba20 Implicit null exception at 0x0000023ddd738c94 to 0x0000023ddd7395c8
Event: 8.033 Thread 0x0000023df2e4ba20 Exception <a 'java/lang/NoSuchMethodError'{0x00000000843182f0}: 'void java.lang.invoke.Invokers$Holder.invoke_MT(java.lang.Object, java.lang.Object, java.lang.Object, java.lang.Object)'> (0x00000000843182f0) 
thrown [s\src\hotspot\share\interpreter\linkResolver.cpp, line 771]
Event: 8.040 Thread 0x0000023df2e4ba20 Exception <a 'java/lang/NoSuchMethodError'{0x0000000084399138}: 'java.lang.Object java.lang.invoke.DirectMethodHandle$Holder.invokeSpecial(java.lang.Object, java.lang.Object, java.lang.Object, int, java.lang.Object, java.lang.Object)'> (0x0000000084399138) 
thrown [s\src\hotspot\share\interpreter\linkResolver.cpp, line 771]
Event: 8.236 Thread 0x0000023df2e4ba20 Exception <a 'java/lang/ClassNotFoundException'{0x000000008605fba8}: sun/misc/SharedSecrets> (0x000000008605fba8) 
thrown [s\src\hotspot\share\classfile\systemDictionary.cpp, line 256]
Event: 8.236 Thread 0x0000023df2e4ba20 Exception <a 'java/lang/ClassNotFoundException'{0x0000000086061180}: org/gradle/api/internal/plugins/DefaultObjectConfigurationActionBeanInfo> (0x0000000086061180) 
thrown [s\src\hotspot\share\classfile\systemDictionary.cpp, line 256]
Event: 8.237 Thread 0x0000023df2e4ba20 Exception <a 'java/lang/ClassNotFoundException'{0x00000000860774a8}: org/gradle/api/internal/plugins/DefaultObjectConfigurationActionCustomizer> (0x00000000860774a8) 
thrown [s\src\hotspot\share\classfile\systemDictionary.cpp, line 256]

VM Operations (20 events):
Event: 7.690 Executing VM operation: G1CollectForAllocation
Event: 7.694 Executing VM operation: G1CollectForAllocation done
Event: 7.833 Executing VM operation: G1CollectForAllocation
Event: 7.838 Executing VM operation: G1CollectForAllocation done
Event: 7.865 Executing VM operation: G1PauseRemark
Event: 7.867 Executing VM operation: G1PauseRemark done
Event: 7.880 Executing VM operation: G1PauseCleanup
Event: 7.881 Executing VM operation: G1PauseCleanup done
Event: 7.889 Executing VM operation: HandshakeAllThreads
Event: 7.889 Executing VM operation: HandshakeAllThreads done
Event: 8.045 Executing VM operation: G1CollectForAllocation
Event: 8.048 Executing VM operation: G1CollectForAllocation done
Event: 8.057 Executing VM operation: G1CollectForAllocation
Event: 8.058 Executing VM operation: G1CollectForAllocation done
Event: 8.065 Executing VM operation: G1TryInitiateConcMark
Event: 8.067 Executing VM operation: G1TryInitiateConcMark done
Event: 8.091 Executing VM operation: G1PauseRemark
Event: 8.093 Executing VM operation: G1PauseRemark done
Event: 8.108 Executing VM operation: G1PauseCleanup
Event: 8.108 Executing VM operation: G1PauseCleanup done

Events (20 events):
Event: 7.697 loading class sun/security/ssl/Alert done
Event: 7.697 loading class sun/security/ssl/Alert$AlertConsumer
Event: 7.697 loading class sun/security/ssl/Alert$AlertConsumer done
Event: 7.697 loading class sun/security/ssl/Alert$Level
Event: 7.697 Thread 0x0000023df246ccb0 Thread added: 0x0000023df246ccb0
Event: 7.697 loading class sun/security/ssl/Alert$Level done
Event: 7.699 Thread 0x0000023df2470970 Thread added: 0x0000023df2470970
Event: 7.701 Thread 0x0000023df2472ce0 Thread added: 0x0000023df2472ce0
Event: 7.703 Thread 0x0000023df2471db0 Thread added: 0x0000023df2471db0
Event: 7.704 Thread 0x0000023df246fa40 Thread added: 0x0000023df246fa40
Event: 7.915 loading class java/util/stream/SortedOps$RefSortingSink
Event: 7.915 loading class java/util/stream/SortedOps$RefSortingSink done
Event: 7.921 loading class java/time/Ser
Event: 7.921 loading class java/time/Ser done
Event: 8.038 loading class java/lang/ProcessBuilder
Event: 8.039 loading class java/lang/ProcessBuilder done
Event: 8.200 loading class jdk/internal/access/foreign/MemorySegmentProxy
Event: 8.200 loading class jdk/internal/access/foreign/MemorySegmentProxy done
Event: 8.236 loading class sun/misc/SharedSecrets
Event: 8.236 loading class sun/misc/SharedSecrets done


Dynamic libraries:
0x00007ff6235c0000 - 0x00007ff6235ca000 	C:\Program Files\Android\Android Studio\jbr\bin\java.exe
0x00007ffa18cf0000 - 0x00007ffa18ee8000 	C:\Windows\SYSTEM32\ntdll.dll
0x00007ffa174f0000 - 0x00007ffa175af000 	C:\Windows\System32\KERNEL32.DLL
0x00007ffa165b0000 - 0x00007ffa168a6000 	C:\Windows\System32\KERNELBASE.dll
0x00007ffa168b0000 - 0x00007ffa169b0000 	C:\Windows\System32\ucrtbase.dll
0x00007ffa06d50000 - 0x00007ffa06d67000 	C:\Program Files\Android\Android Studio\jbr\bin\jli.dll
0x00007ff9f4060000 - 0x00007ff9f407b000 	C:\Program Files\Android\Android Studio\jbr\bin\VCRUNTIME140.dll
0x00007ffa18900000 - 0x00007ffa18a9d000 	C:\Windows\System32\USER32.dll
0x00007ffa00300000 - 0x00007ffa0059a000 	C:\Windows\WinSxS\amd64_microsoft.windows.common-controls_6595b64144ccf1df_6.0.19041.1110_none_60b5254171f9507e\COMCTL32.dll
0x00007ffa16d20000 - 0x00007ffa16d42000 	C:\Windows\System32\win32u.dll
0x00007ffa18250000 - 0x00007ffa1827c000 	C:\Windows\System32\GDI32.dll
0x00007ffa16df0000 - 0x00007ffa16e8e000 	C:\Windows\System32\msvcrt.dll
0x00007ffa16af0000 - 0x00007ffa16c05000 	C:\Windows\System32\gdi32full.dll
0x00007ffa16c10000 - 0x00007ffa16cad000 	C:\Windows\System32\msvcp_win.dll
0x00007ffa187b0000 - 0x00007ffa187e0000 	C:\Windows\System32\IMM32.DLL
0x00007ff9fd080000 - 0x00007ff9fd08c000 	C:\Program Files\Android\Android Studio\jbr\bin\vcruntime140_1.dll
0x00007ff9e63f0000 - 0x00007ff9e647d000 	C:\Program Files\Android\Android Studio\jbr\bin\msvcp140.dll
0x00007ff97b280000 - 0x00007ff97bf03000 	C:\Program Files\Android\Android Studio\jbr\bin\server\jvm.dll
0x00007ffa17300000 - 0x00007ffa173af000 	C:\Windows\System32\ADVAPI32.dll
0x00007ffa16d50000 - 0x00007ffa16dec000 	C:\Windows\System32\sechost.dll
0x00007ffa18290000 - 0x00007ffa183b6000 	C:\Windows\System32\RPCRT4.dll
0x00007ffa15930000 - 0x00007ffa1597b000 	C:\Windows\SYSTEM32\POWRPROF.dll
0x00007ffa05cd0000 - 0x00007ffa05cf7000 	C:\Windows\SYSTEM32\WINMM.dll
0x00007ffa0cda0000 - 0x00007ffa0cdaa000 	C:\Windows\SYSTEM32\VERSION.dll
0x00007ffa0f820000 - 0x00007ffa0f829000 	C:\Windows\SYSTEM32\WSOCK32.dll
0x00007ffa18740000 - 0x00007ffa187ab000 	C:\Windows\System32\ws2_32.DLL
0x00007ffa157f0000 - 0x00007ffa15802000 	C:\Windows\SYSTEM32\UMPDC.dll
0x00007ffa14c30000 - 0x00007ffa14c42000 	C:\Windows\SYSTEM32\kernel.appcore.dll
0x00007ffa0f1f0000 - 0x00007ffa0f1fa000 	C:\Program Files\Android\Android Studio\jbr\bin\jimage.dll
0x00007ffa14180000 - 0x00007ffa14364000 	C:\Windows\SYSTEM32\DBGHELP.DLL
0x00007ff9fc2a0000 - 0x00007ff9fc2d4000 	C:\Windows\SYSTEM32\dbgcore.DLL
0x00007ffa16a60000 - 0x00007ffa16ae2000 	C:\Windows\System32\bcryptPrimitives.dll
0x00007ffa06d70000 - 0x00007ffa06d7e000 	C:\Program Files\Android\Android Studio\jbr\bin\instrument.dll
0x00007ffa06d20000 - 0x00007ffa06d45000 	C:\Program Files\Android\Android Studio\jbr\bin\java.dll
0x00007ffa04da0000 - 0x00007ffa04db8000 	C:\Program Files\Android\Android Studio\jbr\bin\zip.dll
0x00007ffa17660000 - 0x00007ffa17da4000 	C:\Windows\System32\SHELL32.dll
0x00007ffa14450000 - 0x00007ffa14be3000 	C:\Windows\SYSTEM32\windows.storage.dll
0x00007ffa17db0000 - 0x00007ffa18104000 	C:\Windows\System32\combase.dll
0x00007ffa15e10000 - 0x00007ffa15e3e000 	C:\Windows\SYSTEM32\Wldp.dll
0x00007ffa175b0000 - 0x00007ffa1765d000 	C:\Windows\System32\SHCORE.dll
0x00007ffa18650000 - 0x00007ffa186a5000 	C:\Windows\System32\shlwapi.dll
0x00007ffa16300000 - 0x00007ffa16325000 	C:\Windows\SYSTEM32\profapi.dll
0x00007ffa049f0000 - 0x00007ffa04a09000 	C:\Program Files\Android\Android Studio\jbr\bin\net.dll
0x00007ffa0b1f0000 - 0x00007ffa0b2fa000 	C:\Windows\SYSTEM32\WINHTTP.dll
0x00007ffa15b70000 - 0x00007ffa15bda000 	C:\Windows\system32\mswsock.dll
0x00007ff9ffa90000 - 0x00007ff9ffaa6000 	C:\Program Files\Android\Android Studio\jbr\bin\nio.dll
0x00007ff9fd9e0000 - 0x00007ff9fd9f0000 	C:\Program Files\Android\Android Studio\jbr\bin\verify.dll
0x00007ff9f32f0000 - 0x00007ff9f3317000 	C:\Program Files\Android\Android Studio\native\c067742578af261105cb4f569cf0c3c89f3d7b1fecec35dd04571415982c5e48\windows-amd64\native-platform.dll
0x00007ff9b12e0000 - 0x00007ff9b1424000 	C:\Program Files\Android\Android Studio\native\38dada09dfb8b06ba9b0570ebf7e218e3eb74d4ef43ca46872605cf95ebc2f47\windows-amd64\native-platform-file-events.dll
0x00007ff9ffa80000 - 0x00007ff9ffa89000 	C:\Program Files\Android\Android Studio\jbr\bin\management.dll
0x00007ff9ffa70000 - 0x00007ff9ffa7b000 	C:\Program Files\Android\Android Studio\jbr\bin\management_ext.dll
0x00007ffa173b0000 - 0x00007ffa173b8000 	C:\Windows\System32\PSAPI.DLL
0x00007ffa15d70000 - 0x00007ffa15d88000 	C:\Windows\SYSTEM32\CRYPTSP.dll
0x00007ffa15410000 - 0x00007ffa15444000 	C:\Windows\system32\rsaenh.dll
0x00007ffa16580000 - 0x00007ffa165a7000 	C:\Windows\System32\bcrypt.dll
0x00007ffa162c0000 - 0x00007ffa162ee000 	C:\Windows\SYSTEM32\USERENV.dll
0x00007ffa15d60000 - 0x00007ffa15d6c000 	C:\Windows\SYSTEM32\CRYPTBASE.dll
0x00007ffa15810000 - 0x00007ffa1584b000 	C:\Windows\SYSTEM32\IPHLPAPI.DLL
0x00007ffa18240000 - 0x00007ffa18248000 	C:\Windows\System32\NSI.dll
0x00007ffa0bfa0000 - 0x00007ffa0bfb7000 	C:\Windows\SYSTEM32\dhcpcsvc6.DLL
0x00007ffa0cdd0000 - 0x00007ffa0cded000 	C:\Windows\SYSTEM32\dhcpcsvc.DLL
0x00007ffa15850000 - 0x00007ffa1591a000 	C:\Windows\SYSTEM32\DNSAPI.dll
0x00007ff9fd9f0000 - 0x00007ff9fd9f9000 	C:\Program Files\Android\Android Studio\jbr\bin\extnet.dll
0x00007ff9fda00000 - 0x00007ff9fda07000 	C:\Windows\system32\wshunix.dll
0x00007ffa048b0000 - 0x00007ffa048ba000 	C:\Windows\System32\rasadhlp.dll
0x00007ff9ff540000 - 0x00007ff9ff5c2000 	C:\Windows\System32\fwpuclnt.dll

dbghelp: loaded successfully - version: 4.0.5 - missing functions: none
symbol engine: initialized successfully - sym options: 0x614 - pdb path: .;C:\Program Files\Android\Android Studio\jbr\bin;C:\Windows\SYSTEM32;C:\Windows\WinSxS\amd64_microsoft.windows.common-controls_6595b64144ccf1df_6.0.19041.1110_none_60b5254171f9507e;C:\Program Files\Android\Android Studio\jbr\bin\server;C:\Program Files\Android\Android Studio\native\c067742578af261105cb4f569cf0c3c89f3d7b1fecec35dd04571415982c5e48\windows-amd64;C:\Program Files\Android\Android Studio\native\38dada09dfb8b06ba9b0570ebf7e218e3eb74d4ef43ca46872605cf95ebc2f47\windows-amd64

VM Arguments:
jvm_args: --add-opens=java.base/java.util=ALL-UNNAMED --add-opens=java.base/java.lang=ALL-UNNAMED --add-opens=java.base/java.lang.invoke=ALL-UNNAMED --add-opens=java.prefs/java.util.prefs=ALL-UNNAMED --add-opens=java.base/java.nio.charset=ALL-UNNAMED --add-opens=java.base/java.net=ALL-UNNAMED --add-opens=java.base/java.util.concurrent.atomic=ALL-UNNAMED -Xmx2048m -Dfile.encoding=UTF-8 -Duser.country=US -Duser.language=en -Duser.variant -javaagent:C:\Program Files\Android\Android Studio\wrapper\dists\gradle-8.7-bin\bhs2wmbdwecv87pi65oeuq5iu\gradle-8.7\lib\agents\gradle-instrumentation-agent-8.7.jar 
java_command: org.gradle.launcher.daemon.bootstrap.GradleDaemon 8.7
java_class_path (initial): C:\Program Files\Android\Android Studio\wrapper\dists\gradle-8.7-bin\bhs2wmbdwecv87pi65oeuq5iu\gradle-8.7\lib\gradle-launcher-8.7.jar
Launcher Type: SUN_STANDARD

[Global flags]
     intx CICompilerCount                          = 12                                        {product} {ergonomic}
     uint ConcGCThreads                            = 3                                         {product} {ergonomic}
     uint G1ConcRefinementThreads                  = 13                                        {product} {ergonomic}
   size_t G1HeapRegionSize                         = 1048576                                   {product} {ergonomic}
    uintx GCDrainStackTargetSize                   = 64                                        {product} {ergonomic}
   size_t InitialHeapSize                          = 130023424                                 {product} {ergonomic}
   size_t MarkStackSize                            = 4194304                                   {product} {ergonomic}
   size_t MaxHeapSize                              = 2147483648                                {product} {command line}
   size_t MaxNewSize                               = 1287651328                                {product} {ergonomic}
   size_t MinHeapDeltaBytes                        = 1048576                                   {product} {ergonomic}
   size_t MinHeapSize                              = 8388608                                   {product} {ergonomic}
    uintx NonNMethodCodeHeapSize                   = 7602480                                {pd product} {ergonomic}
    uintx NonProfiledCodeHeapSize                  = 122027880                              {pd product} {ergonomic}
    uintx ProfiledCodeHeapSize                     = 122027880                              {pd product} {ergonomic}
    uintx ReservedCodeCacheSize                    = 251658240                              {pd product} {ergonomic}
     bool SegmentedCodeCache                       = true                                      {product} {ergonomic}
   size_t SoftMaxHeapSize                          = 2147483648                             {manageable} {ergonomic}
     bool UseCompressedClassPointers               = true                           {product lp64_product} {ergonomic}
     bool UseCompressedOops                        = true                           {product lp64_product} {ergonomic}
     bool UseG1GC                                  = true                                      {product} {ergonomic}
     bool UseLargePagesIndividualAllocation        = false                                  {pd product} {ergonomic}

Logging:
Log output configuration:
 #0: stdout all=warning uptime,level,tags
 #1: stderr all=off uptime,level,tags

Environment Variables:
JAVA_HOME=C:\Program Files\Java\jdk-22
PATH=C:\Program Files\ImageMagick-7.1.1-Q16;C:\Program Files\Common Files\Oracle\Java\javapath;C:\Program Files (x86)\Common Files\Oracle\Java\javapath;C:\Program Files\Microsoft\jdk-11.0.16.101-hotspot\bin;C:\Windows\system32;C:\Windows;C:\Windows\System32\Wbem;C:\Windows\System32\WindowsPowerShell\v1.0\;C:\Windows\System32\OpenSSH\;C:\MinGW\bin;C:\Program Files\Azure Data Studio\bin;C:\Program Files\Git\cmd;C:\Program Files (x86)\Microsoft SQL Server\160\Tools\Binn\;C:\Program Files\Microsoft SQL Server\160\Tools\Binn\;C:\Program Files\Microsoft SQL Server\Client SDK\ODBC\170\Tools\Binn\;C:\Program Files\Microsoft SQL Server\160\DTS\Binn\;C:\Program Files (x86)\Microsoft SQL Server\160\DTS\Binn\;D:\nodejs\;C:\Users\Admin\.console-ninja\.bin;C:\Users\Admin\AppData\Local\Microsoft\WindowsApps;C:\msys64\ucrt64\bin;C:\Program Files\Azure Data Studio\bin;C:\Program Files\JetBrains\IntelliJ IDEA 2024.2.4\bin;C:\Program Files\JetBrains\IntelliJ IDEA Community Edition 2021.1.2\bin;E:\php-8.3.13-Win32-vs16-x64;C:\Users\Admin\AppData\Local\Programs\Microsoft VS Code\bin;C:\Program Files\ImageMagick-7.1.1-Q16;C:\Users\Admin\AppData\Roaming\npm
USERNAME=Admin
OS=Windows_NT
PROCESSOR_IDENTIFIER=Intel64 Family 6 Model 141 Stepping 1, GenuineIntel
TMP=C:\Users\Admin\AppData\Local\Temp
TEMP=C:\Users\Admin\AppData\Local\Temp



Periodic native trim disabled

JNI global refs:
JNI global refs: 35, weak refs: 12

JNI global refs memory usage: 843, weak refs: 841

Process memory usage:
Resident Set Size: 314628K (3% of 8082956K total physical memory with 271348K free physical memory)

OOME stack traces (most recent first):
Classloader memory used:
Loader org.gradle.internal.classloader.VisitableURLClassLoader                         : 3496K
Loader bootstrap                                                                       : 3090K
Loader org.gradle.initialization.MixInLegacyTypesClassLoader                           : 1288K
Loader org.gradle.internal.classloader.VisitableURLClassLoader$InstrumentingVisitableURLClassLoader: 162K
Loader jdk.internal.loader.ClassLoaders$PlatformClassLoader                            : 101727B
Loader jdk.internal.loader.ClassLoaders$AppClassLoader                                 : 28764B
Loader jdk.internal.reflect.DelegatingClassLoader                                      : 18770B
Loader org.gradle.internal.classloader.VisitableURLClassLoader                         : 7988B

Classes loaded by more than one classloader:
Class Program                                                                         : loaded 4 times (x 72B)
Class com.google.common.collect.SingletonImmutableList                                : loaded 2 times (x 167B)
Class org.gradle.internal.classpath.ClassPath                                         : loaded 2 times (x 68B)
Class org.gradle.api.internal.classpath.DefaultModuleRegistry                         : loaded 2 times (x 84B)
Class Settings_gradle$1$1                                                             : loaded 2 times (x 72B)
Class com.google.common.collect.ListMultimap                                          : loaded 2 times (x 68B)
Class com.google.common.base.CharMatcher$JavaDigit                                    : loaded 2 times (x 109B)
Class com.google.common.base.CharMatcher$Digit                                        : loaded 2 times (x 110B)
Class org.gradle.api.Action                                                           : loaded 2 times (x 68B)
Class com.google.common.collect.Lists$StringAsImmutableList                           : loaded 2 times (x 167B)
Class com.google.common.base.CharMatcher                                              : loaded 2 times (x 109B)
Class com.google.common.base.CharMatcher$IsNot                                        : loaded 2 times (x 109B)
Class com.google.common.base.Splitter                                                 : loaded 2 times (x 70B)
Class org.gradle.api.internal.DefaultClassPathProvider                                : loaded 2 times (x 74B)
Class org.gradle.internal.installation.GradleInstallation$1                           : loaded 2 times (x 73B)
Class com.google.common.base.CharMatcher$BitSetMatcher                                : loaded 2 times (x 110B)
Class com.google.common.base.Predicate                                                : loaded 2 times (x 68B)
Class org.gradle.internal.classloader.FilteringClassLoader                            : loaded 2 times (x 103B)
Class org.gradle.internal.classpath.DefaultClassPath$ImmutableUniqueList$Builder      : loaded 2 times (x 73B)
Class com.google.common.base.CharMatcher$InRange                                      : loaded 2 times (x 109B)
Class com.google.common.collect.Lists                                                 : loaded 2 times (x 69B)
Class org.gradle.internal.classloader.ClassLoaderVisitor                              : loaded 2 times (x 74B)
Class org.gradle.internal.service.DefaultServiceLocator                               : loaded 2 times (x 81B)
Class org.gradle.internal.service.UnknownServiceException                             : loaded 2 times (x 81B)
Class org.gradle.internal.classloader.DefaultClassLoaderFactory                       : loaded 2 times (x 80B)
Class com.google.common.collect.UnmodifiableIterator                                  : loaded 2 times (x 78B)
Class com.google.common.base.CharMatcher$SingleWidth                                  : loaded 2 times (x 110B)
Class com.google.common.base.JdkPattern                                               : loaded 2 times (x 73B)
Class com.google.common.collect.Multimap                                              : loaded 2 times (x 68B)
Class org.gradle.internal.classloader.VisitableURLClassLoader$Spec                    : loaded 2 times (x 72B)
Class org.gradle.api.GradleException                                                  : loaded 2 times (x 80B)
Class com.google.common.base.CharMatcher$JavaLetterOrDigit                            : loaded 2 times (x 109B)
Class org.gradle.api.internal.classpath.ModuleRegistry                                : loaded 2 times (x 68B)
Class com.google.common.collect.ImmutableCollection                                   : loaded 2 times (x 123B)
Class org.gradle.api.internal.ClassPathProvider                                       : loaded 2 times (x 68B)
Class org.gradle.internal.classloader.ClasspathUtil$1                                 : loaded 2 times (x 74B)
Class com.google.common.collect.ImmutableList$ReverseImmutableList                    : loaded 2 times (x 168B)
Class org.gradle.internal.classloader.ClassLoaderFactory                              : loaded 2 times (x 68B)
Class com.google.common.collect.ObjectArrays                                          : loaded 2 times (x 69B)
Class com.google.common.collect.ImmutableList                                         : loaded 2 times (x 166B)
Class org.gradle.api.internal.classpath.ManifestUtil                                  : loaded 2 times (x 69B)
Class org.gradle.api.specs.Spec                                                       : loaded 2 times (x 68B)
Class com.google.common.base.CharMatcher$Whitespace                                   : loaded 2 times (x 110B)
Class com.google.common.base.Preconditions                                            : loaded 2 times (x 69B)
Class org.gradle.internal.IoActions                                                   : loaded 2 times (x 69B)
Class com.google.common.collect.CollectPreconditions                                  : loaded 2 times (x 69B)
Class com.google.common.collect.AbstractIndexedListIterator                           : loaded 2 times (x 94B)
Class com.google.common.base.CharMatcher$None                                         : loaded 2 times (x 110B)
Class org.gradle.api.internal.classpath.EffectiveClassPath                            : loaded 2 times (x 88B)
Class com.google.common.collect.UnmodifiableListIterator                              : loaded 2 times (x 93B)
Class com.google.common.collect.ImmutableList$1                                       : loaded 2 times (x 95B)
Class com.google.common.base.Splitter$Strategy                                        : loaded 2 times (x 68B)
Class org.gradle.internal.installation.CurrentGradleInstallation                      : loaded 2 times (x 71B)
Class org.gradle.internal.agents.InstrumentingClassLoader                             : loaded 2 times (x 68B)
Class org.gradle.internal.installation.CurrentGradleInstallationLocator               : loaded 2 times (x 69B)
Class org.gradle.api.internal.classpath.Module                                        : loaded 2 times (x 68B)
Class com.google.common.base.Splitter$1$1                                             : loaded 2 times (x 84B)
Class org.gradle.internal.service.CachingServiceLocator                               : loaded 2 times (x 80B)
Class org.gradle.internal.classpath.DefaultClassPath                                  : loaded 2 times (x 88B)
Class com.google.common.base.Splitter$SplittingIterator                               : loaded 2 times (x 82B)
Class com.google.common.base.CharMatcher$Is                                           : loaded 2 times (x 109B)
Class com.google.common.collect.RegularImmutableAsList                                : loaded 2 times (x 176B)
Class org.gradle.internal.classloader.SystemClassLoaderSpec                           : loaded 2 times (x 69B)
Class [Lcom.google.common.base.AbstractIterator$State;                                : loaded 2 times (x 67B)
Class com.google.common.base.AbstractIterator                                         : loaded 2 times (x 78B)
Class com.google.common.base.AbstractIterator$1                                       : loaded 2 times (x 69B)
Class com.google.common.base.CharMatcher$1                                            : loaded 2 times (x 111B)
Class com.google.common.base.CharMatcher$Ascii                                        : loaded 2 times (x 110B)
Class org.gradle.api.UncheckedIOException                                             : loaded 2 times (x 80B)
Class com.google.common.base.CharMatcher$And                                          : loaded 2 times (x 110B)
Class com.google.common.base.CharMatcher$Any                                          : loaded 2 times (x 110B)
Class org.gradle.internal.installation.GradleInstallation                             : loaded 2 times (x 73B)
Class com.google.common.base.CharMatcher$RangesMatcher                                : loaded 2 times (x 110B)
Class com.google.common.collect.ImmutableList$SubList                                 : loaded 2 times (x 168B)
Class org.gradle.internal.classloader.ClasspathUtil                                   : loaded 2 times (x 69B)
Class com.google.common.base.Splitter$1                                               : loaded 2 times (x 75B)
Class org.gradle.api.internal.DefaultClassPathRegistry                                : loaded 2 times (x 74B)
Class org.gradle.api.internal.classpath.DefaultModuleRegistry$DefaultModule           : loaded 2 times (x 84B)
Class com.google.common.base.CharMatcher$JavaIsoControl                               : loaded 2 times (x 110B)
Class com.google.common.base.CharMatcher$Or                                           : loaded 2 times (x 110B)
Class com.google.common.base.CharMatcher$JavaLowerCase                                : loaded 2 times (x 109B)
Class org.gradle.api.internal.classpath.UnknownModuleException                        : loaded 2 times (x 80B)
Class com.google.common.base.CommonPattern                                            : loaded 2 times (x 72B)
Class org.gradle.internal.service.ServiceLookupException                              : loaded 2 times (x 80B)
Class org.gradle.cache.GlobalCache                                                    : loaded 2 times (x 68B)
Class com.google.common.base.CharMatcher$NegatedFastMatcher                           : loaded 2 times (x 111B)
Class [Lorg.gradle.api.internal.ClassPathProvider;                                    : loaded 2 times (x 67B)
Class org.gradle.util.internal.GUtil                                                  : loaded 2 times (x 69B)
Class org.gradle.internal.classloader.ClassLoaderSpec                                 : loaded 2 times (x 69B)
Class com.google.common.base.NullnessCasts                                            : loaded 2 times (x 69B)
Class com.google.common.base.CharMatcher$Negated                                      : loaded 2 times (x 111B)
Class com.google.common.base.CharMatcher$ForPredicate                                 : loaded 2 times (x 110B)
Class org.gradle.internal.classloader.VisitableURLClassLoader                         : loaded 2 times (x 115B)
Class org.gradle.internal.Cast                                                        : loaded 2 times (x 69B)
Class org.gradle.api.internal.ClassPathRegistry                                       : loaded 2 times (x 68B)
Class org.gradle.internal.classloader.VisitableURLClassLoader$InstrumentingVisitableURLClassLoader: loaded 2 times (x 121B)
Class org.gradle.internal.classloader.ClassLoaderHierarchy                            : loaded 2 times (x 68B)
Class com.google.common.base.AbstractIterator$State                                   : loaded 2 times (x 77B)
Class com.google.common.base.CharMatcher$NamedFastMatcher                             : loaded 2 times (x 110B)
Class org.gradle.internal.InternalTransformer                                         : loaded 2 times (x 68B)
Class org.gradle.internal.service.ServiceLocator                                      : loaded 2 times (x 68B)
Class Settings_gradle$1                                                               : loaded 2 times (x 72B)
Class com.google.common.base.CharMatcher$Invisible                                    : loaded 2 times (x 110B)
Class com.google.common.base.CharMatcher$FastMatcher                                  : loaded 2 times (x 109B)
Class org.gradle.internal.classpath.DefaultClassPath$ImmutableUniqueList              : loaded 2 times (x 159B)
Class com.google.common.base.CharMatcher$JavaLetter                                   : loaded 2 times (x 109B)
Class org.gradle.internal.classpath.TransformedClassPath                              : loaded 2 times (x 94B)
Class Settings_gradle                                                                 : loaded 2 times (x 126B)
Class com.google.common.collect.ImmutableAsList                                       : loaded 2 times (x 169B)
Class com.google.common.base.CharMatcher$AnyOf                                        : loaded 2 times (x 110B)
Class com.google.common.base.CharMatcher$IsEither                                     : loaded 2 times (x 109B)
Class com.google.common.collect.RegularImmutableList                                  : loaded 2 times (x 172B)
Class com.google.common.base.CharMatcher$JavaUpperCase                                : loaded 2 times (x 109B)


---------------  S Y S T E M  ---------------

OS:
 Windows 10 , 64 bit Build 19041 (10.0.19041.3155)
OS uptime: 0 days 11:42 hours

CPU: total 16 (initial active 16) (8 cores per cpu, 2 threads per core) family 6 model 141 stepping 1 microcode 0x26, cx8, cmov, fxsr, ht, mmx, 3dnowpref, sse, sse2, sse3, ssse3, sse4.1, sse4.2, popcnt, lzcnt, tsc, tscinvbit, avx, avx2, aes, erms, clmul, bmi1, bmi2, adx, avx512f, avx512dq, avx512cd, avx512bw, avx512vl, sha, fma, vzeroupper, avx512_vpopcntdq, avx512_vpclmulqdq, avx512_vaes, avx512_vnni, clflush, clflushopt, clwb, avx512_vbmi2, avx512_vbmi
Processor Information for all 16 processors :
  Max Mhz: 2304, Current Mhz: 2304, Mhz Limit: 2304

Memory: 4k page, system-wide physical 7893M (266M free)
TotalPageFile size 20181M (AvailPageFile size 4M)
current process WorkingSet (physical memory assigned to process): 307M, peak: 307M
current process commit charge ("private bytes"): 354M, peak: 357M

vm_info: OpenJDK 64-Bit Server VM (17.0.11+0--11852314) for windows-amd64 JRE (17.0.11+0--11852314), built on May 16 2024 21:29:20 by "androidbuild" with MS VC++ 16.10 / 16.11 (VS2019)

END.
